<?xml version="1.0" encoding="UTF-8"?>
<!-- Generated by org.testng.reporters.JUnitReportReporter -->
<testsuite hostname="HOME" failures="0" tests="1" name="tests.NewUserRegistrationTest" time="1.591" errors="0" timestamp="2024-10-05T15:10:02 GST" skipped="0">
  <testcase classname="tests.NewUserRegistrationTest" name="validateUSerRegistration" time="1.591"/>
</testsuite> <!-- tests.NewUserRegistrationTest -->
